[26-Feb-2020 12:56:56 UTC] PHP Warning:  require(/home/fndetect/public_html/../vendor/autoload.php): failed to open stream: No such file or directory in /home/fndetect/public_html/index.php on line 24
[26-Feb-2020 12:56:56 UTC] PHP Fatal error:  require(): Failed opening required '/home/fndetect/public_html/../vendor/autoload.php' (include_path='.:/opt/alt/php73/usr/share/pear') in /home/fndetect/public_html/index.php on line 24
[26-Feb-2020 12:56:59 UTC] PHP Warning:  require(/home/fndetect/public_html/../vendor/autoload.php): failed to open stream: No such file or directory in /home/fndetect/public_html/index.php on line 24
[26-Feb-2020 12:56:59 UTC] PHP Fatal error:  require(): Failed opening required '/home/fndetect/public_html/../vendor/autoload.php' (include_path='.:/opt/alt/php73/usr/share/pear') in /home/fndetect/public_html/index.php on line 24
[26-Feb-2020 12:57:33 UTC] PHP Warning:  require(/home/fndetect/public_html/../vendor/autoload.php): failed to open stream: No such file or directory in /home/fndetect/public_html/index.php on line 24
[26-Feb-2020 12:57:33 UTC] PHP Fatal error:  require(): Failed opening required '/home/fndetect/public_html/../vendor/autoload.php' (include_path='.:/opt/alt/php73/usr/share/pear') in /home/fndetect/public_html/index.php on line 24
[26-Feb-2020 12:57:36 UTC] PHP Warning:  require(/home/fndetect/public_html/../vendor/autoload.php): failed to open stream: No such file or directory in /home/fndetect/public_html/index.php on line 24
[26-Feb-2020 12:57:36 UTC] PHP Fatal error:  require(): Failed opening required '/home/fndetect/public_html/../vendor/autoload.php' (include_path='.:/opt/alt/php73/usr/share/pear') in /home/fndetect/public_html/index.php on line 24
[26-Feb-2020 12:58:31 UTC] PHP Warning:  require(/home/fndetect/public_html/../vendor/autoload.php): failed to open stream: No such file or directory in /home/fndetect/public_html/index.php on line 24
[26-Feb-2020 12:58:31 UTC] PHP Fatal error:  require(): Failed opening required '/home/fndetect/public_html/../vendor/autoload.php' (include_path='.:/opt/alt/php73/usr/share/pear') in /home/fndetect/public_html/index.php on line 24
[26-Feb-2020 12:58:32 UTC] PHP Warning:  require(/home/fndetect/public_html/../vendor/autoload.php): failed to open stream: No such file or directory in /home/fndetect/public_html/index.php on line 24
[26-Feb-2020 12:58:32 UTC] PHP Fatal error:  require(): Failed opening required '/home/fndetect/public_html/../vendor/autoload.php' (include_path='.:/opt/alt/php73/usr/share/pear') in /home/fndetect/public_html/index.php on line 24
[26-Feb-2020 12:58:35 UTC] PHP Warning:  require(/home/fndetect/public_html/../vendor/autoload.php): failed to open stream: No such file or directory in /home/fndetect/public_html/index.php on line 24
[26-Feb-2020 12:58:35 UTC] PHP Fatal error:  require(): Failed opening required '/home/fndetect/public_html/../vendor/autoload.php' (include_path='.:/opt/alt/php73/usr/share/pear') in /home/fndetect/public_html/index.php on line 24
[26-Feb-2020 12:59:01 UTC] PHP Warning:  require(/home/fndetect/public_html/../vendor/autoload.php): failed to open stream: No such file or directory in /home/fndetect/public_html/index.php on line 24
[26-Feb-2020 12:59:01 UTC] PHP Fatal error:  require(): Failed opening required '/home/fndetect/public_html/../vendor/autoload.php' (include_path='.:/opt/alt/php73/usr/share/pear') in /home/fndetect/public_html/index.php on line 24
[26-Feb-2020 12:59:07 UTC] PHP Warning:  require(/home/fndetect/public_html/../vendor/autoload.php): failed to open stream: No such file or directory in /home/fndetect/public_html/index.php on line 24
[26-Feb-2020 12:59:07 UTC] PHP Fatal error:  require(): Failed opening required '/home/fndetect/public_html/../vendor/autoload.php' (include_path='.:/opt/alt/php73/usr/share/pear') in /home/fndetect/public_html/index.php on line 24
[28-Feb-2020 20:11:01 UTC] PHP Fatal error:  Cannot use temporary expression in write context in /home/fndetect/fndetector/app/Listeners/SpellChecking.php on line 56
[28-Feb-2020 20:11:19 UTC] PHP Fatal error:  Cannot use temporary expression in write context in /home/fndetect/fndetector/app/Listeners/SpellChecking.php on line 56
[28-Feb-2020 20:12:16 UTC] PHP Fatal error:  Cannot use temporary expression in write context in /home/fndetect/fndetector/app/Listeners/SpellChecking.php on line 56
[28-Feb-2020 20:17:03 UTC] PHP Fatal error:  Cannot use temporary expression in write context in /home/fndetect/fndetector/app/Listeners/SpellChecking.php on line 56
[01-Mar-2020 20:40:20 UTC] PHP Fatal error:  Cannot use isset() on the result of an expression (you can use "null !== expression" instead) in /home/fndetect/fndetector/app/Listeners/SpellChecking.php on line 93
[21-Mar-2020 13:54:56 UTC] PHP Fatal error:  Uncaught RuntimeException: A facade root has not been set. in /home/fndetect/fndetector/vendor/laravel/framework/src/Illuminate/Support/Facades/Facade.php:236
Stack trace:
#0 /home/fndetect/fndetector/vendor/laravel/framework/src/Illuminate/Foundation/Exceptions/Handler.php(407): Illuminate\Support\Facades\Facade::__callStatic('replaceNamespac...', Array)
#1 /home/fndetect/fndetector/vendor/laravel/framework/src/Illuminate/Foundation/Exceptions/Handler.php(384): Illuminate\Foundation\Exceptions\Handler->registerErrorViewPaths()
#2 /home/fndetect/fndetector/vendor/laravel/framework/src/Illuminate/Foundation/Exceptions/Handler.php(295): Illuminate\Foundation\Exceptions\Handler->renderHttpException(Object(Symfony\Component\HttpKernel\Exception\HttpException))
#3 /home/fndetect/fndetector/vendor/laravel/framework/src/Illuminate/Foundation/Exceptions/Handler.php(192): Illuminate\Foundation\Exceptions\Handler->prepareResponse(Object(Illuminate\Http\Request), Object(Symfony\Component\HttpKernel\Exception\HttpExcepti in /home/fndetect/fndetector/vendor/laravel/framework/src/Illuminate/Support/Facades/Facade.php on line 236
[21-Mar-2020 13:55:06 UTC] PHP Fatal error:  Uncaught RuntimeException: A facade root has not been set. in /home/fndetect/fndetector/vendor/laravel/framework/src/Illuminate/Support/Facades/Facade.php:236
Stack trace:
#0 /home/fndetect/fndetector/vendor/laravel/framework/src/Illuminate/Foundation/Exceptions/Handler.php(407): Illuminate\Support\Facades\Facade::__callStatic('replaceNamespac...', Array)
#1 /home/fndetect/fndetector/vendor/laravel/framework/src/Illuminate/Foundation/Exceptions/Handler.php(384): Illuminate\Foundation\Exceptions\Handler->registerErrorViewPaths()
#2 /home/fndetect/fndetector/vendor/laravel/framework/src/Illuminate/Foundation/Exceptions/Handler.php(295): Illuminate\Foundation\Exceptions\Handler->renderHttpException(Object(Symfony\Component\HttpKernel\Exception\HttpException))
#3 /home/fndetect/fndetector/vendor/laravel/framework/src/Illuminate/Foundation/Exceptions/Handler.php(192): Illuminate\Foundation\Exceptions\Handler->prepareResponse(Object(Illuminate\Http\Request), Object(Symfony\Component\HttpKernel\Exception\HttpExcepti in /home/fndetect/fndetector/vendor/laravel/framework/src/Illuminate/Support/Facades/Facade.php on line 236
[21-Mar-2020 16:34:48 UTC] PHP Fatal error:  Uncaught RuntimeException: A facade root has not been set. in /home/fndetect/fndetector/vendor/laravel/framework/src/Illuminate/Support/Facades/Facade.php:236
Stack trace:
#0 /home/fndetect/fndetector/vendor/laravel/framework/src/Illuminate/Foundation/Exceptions/Handler.php(407): Illuminate\Support\Facades\Facade::__callStatic('replaceNamespac...', Array)
#1 /home/fndetect/fndetector/vendor/laravel/framework/src/Illuminate/Foundation/Exceptions/Handler.php(384): Illuminate\Foundation\Exceptions\Handler->registerErrorViewPaths()
#2 /home/fndetect/fndetector/vendor/laravel/framework/src/Illuminate/Foundation/Exceptions/Handler.php(295): Illuminate\Foundation\Exceptions\Handler->renderHttpException(Object(Symfony\Component\HttpKernel\Exception\HttpException))
#3 /home/fndetect/fndetector/vendor/laravel/framework/src/Illuminate/Foundation/Exceptions/Handler.php(192): Illuminate\Foundation\Exceptions\Handler->prepareResponse(Object(Illuminate\Http\Request), Object(Symfony\Component\HttpKernel\Exception\HttpExcepti in /home/fndetect/fndetector/vendor/laravel/framework/src/Illuminate/Support/Facades/Facade.php on line 236
[21-Mar-2020 16:34:53 UTC] PHP Fatal error:  Uncaught RuntimeException: A facade root has not been set. in /home/fndetect/fndetector/vendor/laravel/framework/src/Illuminate/Support/Facades/Facade.php:236
Stack trace:
#0 /home/fndetect/fndetector/vendor/laravel/framework/src/Illuminate/Foundation/Exceptions/Handler.php(407): Illuminate\Support\Facades\Facade::__callStatic('replaceNamespac...', Array)
#1 /home/fndetect/fndetector/vendor/laravel/framework/src/Illuminate/Foundation/Exceptions/Handler.php(384): Illuminate\Foundation\Exceptions\Handler->registerErrorViewPaths()
#2 /home/fndetect/fndetector/vendor/laravel/framework/src/Illuminate/Foundation/Exceptions/Handler.php(295): Illuminate\Foundation\Exceptions\Handler->renderHttpException(Object(Symfony\Component\HttpKernel\Exception\HttpException))
#3 /home/fndetect/fndetector/vendor/laravel/framework/src/Illuminate/Foundation/Exceptions/Handler.php(192): Illuminate\Foundation\Exceptions\Handler->prepareResponse(Object(Illuminate\Http\Request), Object(Symfony\Component\HttpKernel\Exception\HttpExcepti in /home/fndetect/fndetector/vendor/laravel/framework/src/Illuminate/Support/Facades/Facade.php on line 236
[22-Mar-2020 17:30:06 UTC] PHP Fatal error:  Uncaught RuntimeException: A facade root has not been set. in /home/fndetect/fndetector/vendor/laravel/framework/src/Illuminate/Support/Facades/Facade.php:236
Stack trace:
#0 /home/fndetect/fndetector/vendor/laravel/framework/src/Illuminate/Foundation/Exceptions/Handler.php(407): Illuminate\Support\Facades\Facade::__callStatic('replaceNamespac...', Array)
#1 /home/fndetect/fndetector/vendor/laravel/framework/src/Illuminate/Foundation/Exceptions/Handler.php(384): Illuminate\Foundation\Exceptions\Handler->registerErrorViewPaths()
#2 /home/fndetect/fndetector/vendor/laravel/framework/src/Illuminate/Foundation/Exceptions/Handler.php(295): Illuminate\Foundation\Exceptions\Handler->renderHttpException(Object(Symfony\Component\HttpKernel\Exception\HttpException))
#3 /home/fndetect/fndetector/vendor/laravel/framework/src/Illuminate/Foundation/Exceptions/Handler.php(192): Illuminate\Foundation\Exceptions\Handler->prepareResponse(Object(Illuminate\Http\Request), Object(Symfony\Component\HttpKernel\Exception\HttpExcepti in /home/fndetect/fndetector/vendor/laravel/framework/src/Illuminate/Support/Facades/Facade.php on line 236
[22-Mar-2020 18:01:55 UTC] PHP Fatal error:  Uncaught RuntimeException: A facade root has not been set. in /home/fndetect/fndetector/vendor/laravel/framework/src/Illuminate/Support/Facades/Facade.php:236
Stack trace:
#0 /home/fndetect/fndetector/vendor/laravel/framework/src/Illuminate/Foundation/Exceptions/Handler.php(407): Illuminate\Support\Facades\Facade::__callStatic('replaceNamespac...', Array)
#1 /home/fndetect/fndetector/vendor/laravel/framework/src/Illuminate/Foundation/Exceptions/Handler.php(384): Illuminate\Foundation\Exceptions\Handler->registerErrorViewPaths()
#2 /home/fndetect/fndetector/vendor/laravel/framework/src/Illuminate/Foundation/Exceptions/Handler.php(295): Illuminate\Foundation\Exceptions\Handler->renderHttpException(Object(Symfony\Component\HttpKernel\Exception\HttpException))
#3 /home/fndetect/fndetector/vendor/laravel/framework/src/Illuminate/Foundation/Exceptions/Handler.php(192): Illuminate\Foundation\Exceptions\Handler->prepareResponse(Object(Illuminate\Http\Request), Object(Symfony\Component\HttpKernel\Exception\HttpExcepti in /home/fndetect/fndetector/vendor/laravel/framework/src/Illuminate/Support/Facades/Facade.php on line 236
[22-Mar-2020 18:02:03 UTC] PHP Fatal error:  Uncaught RuntimeException: A facade root has not been set. in /home/fndetect/fndetector/vendor/laravel/framework/src/Illuminate/Support/Facades/Facade.php:236
Stack trace:
#0 /home/fndetect/fndetector/vendor/laravel/framework/src/Illuminate/Foundation/Exceptions/Handler.php(407): Illuminate\Support\Facades\Facade::__callStatic('replaceNamespac...', Array)
#1 /home/fndetect/fndetector/vendor/laravel/framework/src/Illuminate/Foundation/Exceptions/Handler.php(384): Illuminate\Foundation\Exceptions\Handler->registerErrorViewPaths()
#2 /home/fndetect/fndetector/vendor/laravel/framework/src/Illuminate/Foundation/Exceptions/Handler.php(295): Illuminate\Foundation\Exceptions\Handler->renderHttpException(Object(Symfony\Component\HttpKernel\Exception\HttpException))
#3 /home/fndetect/fndetector/vendor/laravel/framework/src/Illuminate/Foundation/Exceptions/Handler.php(192): Illuminate\Foundation\Exceptions\Handler->prepareResponse(Object(Illuminate\Http\Request), Object(Symfony\Component\HttpKernel\Exception\HttpExcepti in /home/fndetect/fndetector/vendor/laravel/framework/src/Illuminate/Support/Facades/Facade.php on line 236
